[2018-01-05 23:01:16] INFO crawl_web.py[line:22] 开始处理 http://product.pconline.com.cn/mobile/0s1.shtml 网页数据:
[2018-01-05 23:01:16] DEBUG connectionpool.py[line:208] Starting new HTTP connection (1): product.pconline.com.cn
[2018-01-05 23:01:16] DEBUG connectionpool.py[line:396] http://product.pconline.com.cn:80 "GET /mobile/0s1.shtml HTTP/1.1" 200 None
[2018-01-05 23:01:17] INFO crawl_web.py[line:44]  检测到 25 个手机网址，写入文件成功
[2018-01-05 23:01:17] INFO crawl_web.py[line:22] 开始处理 http://product.pconline.com.cn/mobile/25s1.shtml 网页数据:
[2018-01-05 23:01:17] DEBUG connectionpool.py[line:208] Starting new HTTP connection (1): product.pconline.com.cn
[2018-01-05 23:01:17] DEBUG connectionpool.py[line:396] http://product.pconline.com.cn:80 "GET /mobile/25s1.shtml HTTP/1.1" 200 None
[2018-01-05 23:01:17] INFO crawl_web.py[line:44]  检测到 25 个手机网址，写入文件成功
[2018-01-05 23:01:17] INFO crawl_web.py[line:22] 开始处理 http://product.pconline.com.cn/mobile/50s1.shtml 网页数据:
[2018-01-05 23:01:17] DEBUG connectionpool.py[line:208] Starting new HTTP connection (1): product.pconline.com.cn
[2018-01-05 23:01:17] DEBUG connectionpool.py[line:396] http://product.pconline.com.cn:80 "GET /mobile/50s1.shtml HTTP/1.1" 200 None
[2018-01-05 23:01:17] INFO crawl_web.py[line:44]  检测到 25 个手机网址，写入文件成功
[2018-01-05 23:01:17] INFO crawl_web.py[line:22] 开始处理 http://product.pconline.com.cn/mobile/75s1.shtml 网页数据:
[2018-01-05 23:01:17] DEBUG connectionpool.py[line:208] Starting new HTTP connection (1): product.pconline.com.cn
[2018-01-05 23:01:18] DEBUG connectionpool.py[line:396] http://product.pconline.com.cn:80 "GET /mobile/75s1.shtml HTTP/1.1" 200 None
[2018-01-05 23:01:18] INFO crawl_web.py[line:44]  检测到 25 个手机网址，写入文件成功
[2018-01-05 23:01:18] INFO crawl_web.py[line:22] 开始处理 http://product.pconline.com.cn/mobile/100s1.shtml 网页数据:
[2018-01-05 23:01:18] DEBUG connectionpool.py[line:208] Starting new HTTP connection (1): product.pconline.com.cn
[2018-01-05 23:01:18] DEBUG connectionpool.py[line:396] http://product.pconline.com.cn:80 "GET /mobile/100s1.shtml HTTP/1.1" 200 None
[2018-01-05 23:01:18] INFO crawl_web.py[line:44]  检测到 25 个手机网址，写入文件成功
[2018-01-05 23:01:18] INFO crawl_web.py[line:22] 开始处理 http://product.pconline.com.cn/mobile/125s1.shtml 网页数据:
[2018-01-05 23:01:18] DEBUG connectionpool.py[line:208] Starting new HTTP connection (1): product.pconline.com.cn
[2018-01-05 23:01:19] DEBUG connectionpool.py[line:396] http://product.pconline.com.cn:80 "GET /mobile/125s1.shtml HTTP/1.1" 200 None
[2018-01-05 23:01:19] INFO crawl_web.py[line:44]  检测到 25 个手机网址，写入文件成功
[2018-01-05 23:01:19] INFO crawl_web.py[line:22] 开始处理 http://product.pconline.com.cn/mobile/150s1.shtml 网页数据:
[2018-01-05 23:01:19] DEBUG connectionpool.py[line:208] Starting new HTTP connection (1): product.pconline.com.cn
[2018-01-05 23:01:19] DEBUG connectionpool.py[line:396] http://product.pconline.com.cn:80 "GET /mobile/150s1.shtml HTTP/1.1" 200 None
[2018-01-05 23:01:20] INFO crawl_web.py[line:44]  检测到 25 个手机网址，写入文件成功
[2018-01-05 23:01:20] INFO crawl_web.py[line:22] 开始处理 http://product.pconline.com.cn/mobile/175s1.shtml 网页数据:
[2018-01-05 23:01:20] DEBUG connectionpool.py[line:208] Starting new HTTP connection (1): product.pconline.com.cn
[2018-01-05 23:01:20] DEBUG connectionpool.py[line:396] http://product.pconline.com.cn:80 "GET /mobile/175s1.shtml HTTP/1.1" 200 None
[2018-01-05 23:01:20] INFO crawl_web.py[line:44]  检测到 25 个手机网址，写入文件成功
[2018-01-05 23:01:20] INFO crawl_web.py[line:22] 开始处理 http://product.pconline.com.cn/mobile/200s1.shtml 网页数据:
[2018-01-05 23:01:20] DEBUG connectionpool.py[line:208] Starting new HTTP connection (1): product.pconline.com.cn
[2018-01-05 23:01:21] DEBUG connectionpool.py[line:396] http://product.pconline.com.cn:80 "GET /mobile/200s1.shtml HTTP/1.1" 200 None
[2018-01-05 23:01:21] INFO crawl_web.py[line:44]  检测到 25 个手机网址，写入文件成功
[2018-01-05 23:01:21] INFO crawl_web.py[line:22] 开始处理 http://product.pconline.com.cn/mobile/225s1.shtml 网页数据:
[2018-01-05 23:01:21] DEBUG connectionpool.py[line:208] Starting new HTTP connection (1): product.pconline.com.cn
[2018-01-05 23:01:21] DEBUG connectionpool.py[line:396] http://product.pconline.com.cn:80 "GET /mobile/225s1.shtml HTTP/1.1" 200 None
[2018-01-05 23:01:21] INFO crawl_web.py[line:44]  检测到 25 个手机网址，写入文件成功
[2018-01-05 23:01:21] INFO crawl_web.py[line:22] 开始处理 http://product.pconline.com.cn/mobile/250s1.shtml 网页数据:
[2018-01-05 23:01:21] DEBUG connectionpool.py[line:208] Starting new HTTP connection (1): product.pconline.com.cn
[2018-01-05 23:01:22] DEBUG connectionpool.py[line:396] http://product.pconline.com.cn:80 "GET /mobile/250s1.shtml HTTP/1.1" 200 None
[2018-01-05 23:01:22] INFO crawl_web.py[line:44]  检测到 25 个手机网址，写入文件成功
[2018-01-05 23:01:22] INFO crawl_web.py[line:22] 开始处理 http://product.pconline.com.cn/mobile/275s1.shtml 网页数据:
[2018-01-05 23:01:22] DEBUG connectionpool.py[line:208] Starting new HTTP connection (1): product.pconline.com.cn
[2018-01-05 23:01:22] DEBUG connectionpool.py[line:396] http://product.pconline.com.cn:80 "GET /mobile/275s1.shtml HTTP/1.1" 200 None
[2018-01-05 23:01:22] INFO crawl_web.py[line:44]  检测到 25 个手机网址，写入文件成功
[2018-01-05 23:01:22] INFO crawl_web.py[line:22] 开始处理 http://product.pconline.com.cn/mobile/300s1.shtml 网页数据:
[2018-01-05 23:01:22] DEBUG connectionpool.py[line:208] Starting new HTTP connection (1): product.pconline.com.cn
[2018-01-05 23:01:22] DEBUG connectionpool.py[line:396] http://product.pconline.com.cn:80 "GET /mobile/300s1.shtml HTTP/1.1" 200 None
[2018-01-05 23:01:23] INFO crawl_web.py[line:44]  检测到 25 个手机网址，写入文件成功
[2018-01-05 23:01:23] INFO crawl_web.py[line:22] 开始处理 http://product.pconline.com.cn/mobile/325s1.shtml 网页数据:
[2018-01-05 23:01:23] DEBUG connectionpool.py[line:208] Starting new HTTP connection (1): product.pconline.com.cn
[2018-01-05 23:01:23] DEBUG connectionpool.py[line:396] http://product.pconline.com.cn:80 "GET /mobile/325s1.shtml HTTP/1.1" 200 None
[2018-01-05 23:01:23] INFO crawl_web.py[line:44]  检测到 25 个手机网址，写入文件成功
[2018-01-05 23:01:23] INFO crawl_web.py[line:22] 开始处理 http://product.pconline.com.cn/mobile/350s1.shtml 网页数据:
[2018-01-05 23:01:23] DEBUG connectionpool.py[line:208] Starting new HTTP connection (1): product.pconline.com.cn
[2018-01-05 23:01:23] DEBUG connectionpool.py[line:396] http://product.pconline.com.cn:80 "GET /mobile/350s1.shtml HTTP/1.1" 200 None
[2018-01-05 23:01:23] INFO crawl_web.py[line:44]  检测到 25 个手机网址，写入文件成功
[2018-01-05 23:01:23] INFO crawl_web.py[line:22] 开始处理 http://product.pconline.com.cn/mobile/375s1.shtml 网页数据:
[2018-01-05 23:01:23] DEBUG connectionpool.py[line:208] Starting new HTTP connection (1): product.pconline.com.cn
[2018-01-05 23:01:24] DEBUG connectionpool.py[line:396] http://product.pconline.com.cn:80 "GET /mobile/375s1.shtml HTTP/1.1" 200 None
[2018-01-05 23:01:24] INFO crawl_web.py[line:44]  检测到 25 个手机网址，写入文件成功
[2018-01-05 23:01:24] INFO crawl_web.py[line:22] 开始处理 http://product.pconline.com.cn/mobile/400s1.shtml 网页数据:
[2018-01-05 23:01:24] DEBUG connectionpool.py[line:208] Starting new HTTP connection (1): product.pconline.com.cn
[2018-01-05 23:01:24] DEBUG connectionpool.py[line:396] http://product.pconline.com.cn:80 "GET /mobile/400s1.shtml HTTP/1.1" 200 None
[2018-01-05 23:01:24] INFO crawl_web.py[line:44]  检测到 25 个手机网址，写入文件成功
[2018-01-05 23:01:24] INFO crawl_web.py[line:22] 开始处理 http://product.pconline.com.cn/mobile/425s1.shtml 网页数据:
[2018-01-05 23:01:24] DEBUG connectionpool.py[line:208] Starting new HTTP connection (1): product.pconline.com.cn
[2018-01-05 23:01:25] DEBUG connectionpool.py[line:396] http://product.pconline.com.cn:80 "GET /mobile/425s1.shtml HTTP/1.1" 200 None
[2018-01-05 23:01:25] INFO crawl_web.py[line:44]  检测到 25 个手机网址，写入文件成功
[2018-01-05 23:01:25] INFO crawl_web.py[line:22] 开始处理 http://product.pconline.com.cn/mobile/450s1.shtml 网页数据:
[2018-01-05 23:01:25] DEBUG connectionpool.py[line:208] Starting new HTTP connection (1): product.pconline.com.cn
[2018-01-05 23:01:25] DEBUG connectionpool.py[line:396] http://product.pconline.com.cn:80 "GET /mobile/450s1.shtml HTTP/1.1" 200 None
[2018-01-05 23:01:26] INFO crawl_web.py[line:44]  检测到 25 个手机网址，写入文件成功
[2018-01-05 23:01:26] INFO crawl_web.py[line:22] 开始处理 http://product.pconline.com.cn/mobile/475s1.shtml 网页数据:
[2018-01-05 23:01:26] DEBUG connectionpool.py[line:208] Starting new HTTP connection (1): product.pconline.com.cn
[2018-01-05 23:01:26] DEBUG connectionpool.py[line:396] http://product.pconline.com.cn:80 "GET /mobile/475s1.shtml HTTP/1.1" 200 None
[2018-01-05 23:01:26] INFO crawl_web.py[line:44]  检测到 25 个手机网址，写入文件成功
[2018-01-05 23:01:26] INFO crawl_web.py[line:22] 开始处理 http://product.pconline.com.cn/mobile/500s1.shtml 网页数据:
[2018-01-05 23:01:26] DEBUG connectionpool.py[line:208] Starting new HTTP connection (1): product.pconline.com.cn
[2018-01-05 23:01:26] DEBUG connectionpool.py[line:396] http://product.pconline.com.cn:80 "GET /mobile/500s1.shtml HTTP/1.1" 200 None
[2018-01-05 23:01:27] INFO crawl_web.py[line:44]  检测到 25 个手机网址，写入文件成功
[2018-01-05 23:01:27] INFO crawl_web.py[line:22] 开始处理 http://product.pconline.com.cn/mobile/525s1.shtml 网页数据:
[2018-01-05 23:01:27] DEBUG connectionpool.py[line:208] Starting new HTTP connection (1): product.pconline.com.cn
[2018-01-05 23:01:27] DEBUG connectionpool.py[line:396] http://product.pconline.com.cn:80 "GET /mobile/525s1.shtml HTTP/1.1" 200 None
[2018-01-05 23:01:27] INFO crawl_web.py[line:44]  检测到 25 个手机网址，写入文件成功
[2018-01-05 23:01:27] INFO crawl_web.py[line:22] 开始处理 http://product.pconline.com.cn/mobile/550s1.shtml 网页数据:
[2018-01-05 23:01:27] DEBUG connectionpool.py[line:208] Starting new HTTP connection (1): product.pconline.com.cn
[2018-01-05 23:01:27] DEBUG connectionpool.py[line:396] http://product.pconline.com.cn:80 "GET /mobile/550s1.shtml HTTP/1.1" 200 None
[2018-01-05 23:01:28] INFO crawl_web.py[line:44]  检测到 25 个手机网址，写入文件成功
[2018-01-05 23:01:28] INFO crawl_web.py[line:22] 开始处理 http://product.pconline.com.cn/mobile/575s1.shtml 网页数据:
[2018-01-05 23:01:28] DEBUG connectionpool.py[line:208] Starting new HTTP connection (1): product.pconline.com.cn
[2018-01-05 23:01:28] DEBUG connectionpool.py[line:396] http://product.pconline.com.cn:80 "GET /mobile/575s1.shtml HTTP/1.1" 200 None
[2018-01-05 23:01:28] INFO crawl_web.py[line:44]  检测到 25 个手机网址，写入文件成功
[2018-01-05 23:01:28] INFO crawl_web.py[line:22] 开始处理 http://product.pconline.com.cn/mobile/600s1.shtml 网页数据:
[2018-01-05 23:01:28] DEBUG connectionpool.py[line:208] Starting new HTTP connection (1): product.pconline.com.cn
[2018-01-05 23:01:29] DEBUG connectionpool.py[line:396] http://product.pconline.com.cn:80 "GET /mobile/600s1.shtml HTTP/1.1" 200 None
[2018-01-05 23:01:29] INFO crawl_web.py[line:44]  检测到 25 个手机网址，写入文件成功
[2018-01-05 23:01:29] INFO crawl_web.py[line:22] 开始处理 http://product.pconline.com.cn/mobile/625s1.shtml 网页数据:
[2018-01-05 23:01:29] DEBUG connectionpool.py[line:208] Starting new HTTP connection (1): product.pconline.com.cn
[2018-01-05 23:01:29] DEBUG connectionpool.py[line:396] http://product.pconline.com.cn:80 "GET /mobile/625s1.shtml HTTP/1.1" 200 None
[2018-01-05 23:01:29] INFO crawl_web.py[line:44]  检测到 25 个手机网址，写入文件成功
[2018-01-05 23:01:29] INFO crawl_web.py[line:22] 开始处理 http://product.pconline.com.cn/mobile/650s1.shtml 网页数据:
[2018-01-05 23:01:29] DEBUG connectionpool.py[line:208] Starting new HTTP connection (1): product.pconline.com.cn
[2018-01-05 23:01:29] DEBUG connectionpool.py[line:396] http://product.pconline.com.cn:80 "GET /mobile/650s1.shtml HTTP/1.1" 200 None
[2018-01-05 23:01:29] INFO crawl_web.py[line:44]  检测到 25 个手机网址，写入文件成功
[2018-01-05 23:01:29] INFO crawl_web.py[line:22] 开始处理 http://product.pconline.com.cn/mobile/675s1.shtml 网页数据:
[2018-01-05 23:01:29] DEBUG connectionpool.py[line:208] Starting new HTTP connection (1): product.pconline.com.cn
[2018-01-05 23:01:30] DEBUG connectionpool.py[line:396] http://product.pconline.com.cn:80 "GET /mobile/675s1.shtml HTTP/1.1" 200 None
[2018-01-05 23:01:30] INFO crawl_web.py[line:44]  检测到 25 个手机网址，写入文件成功
[2018-01-05 23:01:30] INFO crawl_web.py[line:22] 开始处理 http://product.pconline.com.cn/mobile/700s1.shtml 网页数据:
[2018-01-05 23:01:30] DEBUG connectionpool.py[line:208] Starting new HTTP connection (1): product.pconline.com.cn
[2018-01-05 23:01:30] DEBUG connectionpool.py[line:396] http://product.pconline.com.cn:80 "GET /mobile/700s1.shtml HTTP/1.1" 200 None
[2018-01-05 23:01:30] INFO crawl_web.py[line:44]  检测到 25 个手机网址，写入文件成功
[2018-01-05 23:01:30] INFO crawl_web.py[line:22] 开始处理 http://product.pconline.com.cn/mobile/725s1.shtml 网页数据:
[2018-01-05 23:01:30] DEBUG connectionpool.py[line:208] Starting new HTTP connection (1): product.pconline.com.cn
[2018-01-05 23:01:33] DEBUG connectionpool.py[line:396] http://product.pconline.com.cn:80 "GET /mobile/725s1.shtml HTTP/1.1" 200 None
[2018-01-05 23:01:33] INFO crawl_web.py[line:44]  检测到 25 个手机网址，写入文件成功
[2018-01-05 23:01:33] INFO crawl_web.py[line:22] 开始处理 http://product.pconline.com.cn/mobile/750s1.shtml 网页数据:
[2018-01-05 23:01:33] DEBUG connectionpool.py[line:208] Starting new HTTP connection (1): product.pconline.com.cn
[2018-01-05 23:01:34] DEBUG connectionpool.py[line:396] http://product.pconline.com.cn:80 "GET /mobile/750s1.shtml HTTP/1.1" 200 None
[2018-01-05 23:01:34] INFO crawl_web.py[line:44]  检测到 25 个手机网址，写入文件成功
[2018-01-05 23:01:34] INFO crawl_web.py[line:22] 开始处理 http://product.pconline.com.cn/mobile/775s1.shtml 网页数据:
[2018-01-05 23:01:34] DEBUG connectionpool.py[line:208] Starting new HTTP connection (1): product.pconline.com.cn
[2018-01-05 23:01:35] DEBUG connectionpool.py[line:396] http://product.pconline.com.cn:80 "GET /mobile/775s1.shtml HTTP/1.1" 200 None
[2018-01-05 23:01:35] INFO crawl_web.py[line:44]  检测到 25 个手机网址，写入文件成功
[2018-01-05 23:01:35] INFO crawl_web.py[line:22] 开始处理 http://product.pconline.com.cn/mobile/800s1.shtml 网页数据:
[2018-01-05 23:01:35] DEBUG connectionpool.py[line:208] Starting new HTTP connection (1): product.pconline.com.cn
[2018-01-05 23:01:35] DEBUG connectionpool.py[line:396] http://product.pconline.com.cn:80 "GET /mobile/800s1.shtml HTTP/1.1" 200 None
[2018-01-05 23:01:35] INFO crawl_web.py[line:44]  检测到 25 个手机网址，写入文件成功
[2018-01-05 23:01:35] INFO crawl_web.py[line:22] 开始处理 http://product.pconline.com.cn/mobile/825s1.shtml 网页数据:
[2018-01-05 23:01:35] DEBUG connectionpool.py[line:208] Starting new HTTP connection (1): product.pconline.com.cn
[2018-01-05 23:01:36] DEBUG connectionpool.py[line:396] http://product.pconline.com.cn:80 "GET /mobile/825s1.shtml HTTP/1.1" 200 None
[2018-01-05 23:01:36] INFO crawl_web.py[line:44]  检测到 25 个手机网址，写入文件成功
[2018-01-05 23:01:36] INFO crawl_web.py[line:22] 开始处理 http://product.pconline.com.cn/mobile/850s1.shtml 网页数据:
[2018-01-05 23:01:36] DEBUG connectionpool.py[line:208] Starting new HTTP connection (1): product.pconline.com.cn
[2018-01-05 23:01:36] DEBUG connectionpool.py[line:396] http://product.pconline.com.cn:80 "GET /mobile/850s1.shtml HTTP/1.1" 200 None
[2018-01-05 23:01:37] INFO crawl_web.py[line:44]  检测到 25 个手机网址，写入文件成功
[2018-01-05 23:01:37] INFO crawl_web.py[line:22] 开始处理 http://product.pconline.com.cn/mobile/875s1.shtml 网页数据:
[2018-01-05 23:01:37] DEBUG connectionpool.py[line:208] Starting new HTTP connection (1): product.pconline.com.cn
[2018-01-05 23:01:37] DEBUG connectionpool.py[line:396] http://product.pconline.com.cn:80 "GET /mobile/875s1.shtml HTTP/1.1" 200 None
[2018-01-05 23:01:37] INFO crawl_web.py[line:44]  检测到 25 个手机网址，写入文件成功
[2018-01-05 23:01:37] INFO crawl_web.py[line:22] 开始处理 http://product.pconline.com.cn/mobile/900s1.shtml 网页数据:
[2018-01-05 23:01:37] DEBUG connectionpool.py[line:208] Starting new HTTP connection (1): product.pconline.com.cn
[2018-01-05 23:01:37] DEBUG connectionpool.py[line:396] http://product.pconline.com.cn:80 "GET /mobile/900s1.shtml HTTP/1.1" 200 None
[2018-01-05 23:01:37] INFO crawl_web.py[line:44]  检测到 25 个手机网址，写入文件成功
[2018-01-05 23:01:37] INFO crawl_web.py[line:22] 开始处理 http://product.pconline.com.cn/mobile/925s1.shtml 网页数据:
[2018-01-05 23:01:37] DEBUG connectionpool.py[line:208] Starting new HTTP connection (1): product.pconline.com.cn
[2018-01-05 23:01:37] DEBUG connectionpool.py[line:396] http://product.pconline.com.cn:80 "GET /mobile/925s1.shtml HTTP/1.1" 200 None
[2018-01-05 23:01:38] INFO crawl_web.py[line:44]  检测到 25 个手机网址，写入文件成功
[2018-01-05 23:01:38] INFO crawl_web.py[line:22] 开始处理 http://product.pconline.com.cn/mobile/950s1.shtml 网页数据:
[2018-01-05 23:01:38] DEBUG connectionpool.py[line:208] Starting new HTTP connection (1): product.pconline.com.cn
[2018-01-05 23:01:38] DEBUG connectionpool.py[line:396] http://product.pconline.com.cn:80 "GET /mobile/950s1.shtml HTTP/1.1" 200 None
[2018-01-05 23:01:38] INFO crawl_web.py[line:44]  检测到 25 个手机网址，写入文件成功
[2018-01-05 23:01:38] INFO crawl_web.py[line:22] 开始处理 http://product.pconline.com.cn/mobile/975s1.shtml 网页数据:
[2018-01-05 23:01:38] DEBUG connectionpool.py[line:208] Starting new HTTP connection (1): product.pconline.com.cn
[2018-01-05 23:01:38] DEBUG connectionpool.py[line:396] http://product.pconline.com.cn:80 "GET /mobile/975s1.shtml HTTP/1.1" 200 None
[2018-01-05 23:01:39] INFO crawl_web.py[line:44]  检测到 25 个手机网址，写入文件成功
[2018-01-05 23:01:39] INFO crawl_web.py[line:22] 开始处理 http://product.pconline.com.cn/mobile/1000s1.shtml 网页数据:
[2018-01-05 23:01:39] DEBUG connectionpool.py[line:208] Starting new HTTP connection (1): product.pconline.com.cn
[2018-01-05 23:01:39] DEBUG connectionpool.py[line:396] http://product.pconline.com.cn:80 "GET /mobile/1000s1.shtml HTTP/1.1" 200 None
[2018-01-05 23:01:39] INFO crawl_web.py[line:44]  检测到 25 个手机网址，写入文件成功
[2018-01-05 23:01:39] INFO crawl_web.py[line:22] 开始处理 http://product.pconline.com.cn/mobile/1025s1.shtml 网页数据:
[2018-01-05 23:01:39] DEBUG connectionpool.py[line:208] Starting new HTTP connection (1): product.pconline.com.cn
[2018-01-05 23:01:40] DEBUG connectionpool.py[line:396] http://product.pconline.com.cn:80 "GET /mobile/1025s1.shtml HTTP/1.1" 200 None
[2018-01-05 23:01:40] INFO crawl_web.py[line:44]  检测到 25 个手机网址，写入文件成功
[2018-01-05 23:01:40] INFO crawl_web.py[line:22] 开始处理 http://product.pconline.com.cn/mobile/1050s1.shtml 网页数据:
[2018-01-05 23:01:40] DEBUG connectionpool.py[line:208] Starting new HTTP connection (1): product.pconline.com.cn
[2018-01-05 23:01:40] DEBUG connectionpool.py[line:396] http://product.pconline.com.cn:80 "GET /mobile/1050s1.shtml HTTP/1.1" 200 None
[2018-01-05 23:01:40] INFO crawl_web.py[line:44]  检测到 25 个手机网址，写入文件成功
[2018-01-05 23:01:40] INFO crawl_web.py[line:22] 开始处理 http://product.pconline.com.cn/mobile/1075s1.shtml 网页数据:
[2018-01-05 23:01:40] DEBUG connectionpool.py[line:208] Starting new HTTP connection (1): product.pconline.com.cn
[2018-01-05 23:01:40] DEBUG connectionpool.py[line:396] http://product.pconline.com.cn:80 "GET /mobile/1075s1.shtml HTTP/1.1" 200 None
[2018-01-05 23:01:40] INFO crawl_web.py[line:44]  检测到 25 个手机网址，写入文件成功
[2018-01-05 23:01:40] INFO crawl_web.py[line:22] 开始处理 http://product.pconline.com.cn/mobile/1100s1.shtml 网页数据:
[2018-01-05 23:01:40] DEBUG connectionpool.py[line:208] Starting new HTTP connection (1): product.pconline.com.cn
[2018-01-05 23:01:40] DEBUG connectionpool.py[line:396] http://product.pconline.com.cn:80 "GET /mobile/1100s1.shtml HTTP/1.1" 200 None
[2018-01-05 23:01:41] INFO crawl_web.py[line:44]  检测到 25 个手机网址，写入文件成功
[2018-01-05 23:01:41] INFO crawl_web.py[line:22] 开始处理 http://product.pconline.com.cn/mobile/1125s1.shtml 网页数据:
[2018-01-05 23:01:41] DEBUG connectionpool.py[line:208] Starting new HTTP connection (1): product.pconline.com.cn
[2018-01-05 23:01:41] DEBUG connectionpool.py[line:396] http://product.pconline.com.cn:80 "GET /mobile/1125s1.shtml HTTP/1.1" 200 None
[2018-01-05 23:01:41] INFO crawl_web.py[line:44]  检测到 25 个手机网址，写入文件成功
[2018-01-05 23:01:41] INFO crawl_web.py[line:22] 开始处理 http://product.pconline.com.cn/mobile/1150s1.shtml 网页数据:
[2018-01-05 23:01:41] DEBUG connectionpool.py[line:208] Starting new HTTP connection (1): product.pconline.com.cn
[2018-01-05 23:01:41] DEBUG connectionpool.py[line:396] http://product.pconline.com.cn:80 "GET /mobile/1150s1.shtml HTTP/1.1" 200 None
[2018-01-05 23:01:41] INFO crawl_web.py[line:44]  检测到 25 个手机网址，写入文件成功
[2018-01-05 23:01:41] INFO crawl_web.py[line:22] 开始处理 http://product.pconline.com.cn/mobile/1175s1.shtml 网页数据:
[2018-01-05 23:01:41] DEBUG connectionpool.py[line:208] Starting new HTTP connection (1): product.pconline.com.cn
[2018-01-05 23:01:41] DEBUG connectionpool.py[line:396] http://product.pconline.com.cn:80 "GET /mobile/1175s1.shtml HTTP/1.1" 200 None
[2018-01-05 23:01:41] INFO crawl_web.py[line:44]  检测到 25 个手机网址，写入文件成功
[2018-01-05 23:01:41] INFO crawl_web.py[line:22] 开始处理 http://product.pconline.com.cn/mobile/1200s1.shtml 网页数据:
[2018-01-05 23:01:41] DEBUG connectionpool.py[line:208] Starting new HTTP connection (1): product.pconline.com.cn
[2018-01-05 23:01:41] DEBUG connectionpool.py[line:396] http://product.pconline.com.cn:80 "GET /mobile/1200s1.shtml HTTP/1.1" 200 None
[2018-01-05 23:01:41] INFO crawl_web.py[line:44]  检测到 25 个手机网址，写入文件成功
[2018-01-05 23:01:41] INFO crawl_web.py[line:22] 开始处理 http://product.pconline.com.cn/mobile/1225s1.shtml 网页数据:
[2018-01-05 23:01:41] DEBUG connectionpool.py[line:208] Starting new HTTP connection (1): product.pconline.com.cn
[2018-01-05 23:01:41] DEBUG connectionpool.py[line:396] http://product.pconline.com.cn:80 "GET /mobile/1225s1.shtml HTTP/1.1" 200 None
[2018-01-05 23:01:42] INFO crawl_web.py[line:44]  检测到 25 个手机网址，写入文件成功
[2018-01-05 23:01:42] INFO crawl_web.py[line:22] 开始处理 http://product.pconline.com.cn/mobile/1250s1.shtml 网页数据:
[2018-01-05 23:01:42] DEBUG connectionpool.py[line:208] Starting new HTTP connection (1): product.pconline.com.cn
[2018-01-05 23:01:42] DEBUG connectionpool.py[line:396] http://product.pconline.com.cn:80 "GET /mobile/1250s1.shtml HTTP/1.1" 200 None
[2018-01-05 23:01:42] INFO crawl_web.py[line:44]  检测到 25 个手机网址，写入文件成功
[2018-01-05 23:01:42] INFO crawl_web.py[line:22] 开始处理 http://product.pconline.com.cn/mobile/1275s1.shtml 网页数据:
[2018-01-05 23:01:42] DEBUG connectionpool.py[line:208] Starting new HTTP connection (1): product.pconline.com.cn
[2018-01-05 23:01:42] DEBUG connectionpool.py[line:396] http://product.pconline.com.cn:80 "GET /mobile/1275s1.shtml HTTP/1.1" 200 None
[2018-01-05 23:01:42] INFO crawl_web.py[line:44]  检测到 25 个手机网址，写入文件成功
[2018-01-05 23:01:42] INFO crawl_web.py[line:22] 开始处理 http://product.pconline.com.cn/mobile/1300s1.shtml 网页数据:
[2018-01-05 23:01:42] DEBUG connectionpool.py[line:208] Starting new HTTP connection (1): product.pconline.com.cn
[2018-01-05 23:01:42] DEBUG connectionpool.py[line:396] http://product.pconline.com.cn:80 "GET /mobile/1300s1.shtml HTTP/1.1" 200 None
[2018-01-05 23:01:42] INFO crawl_web.py[line:44]  检测到 25 个手机网址，写入文件成功
[2018-01-05 23:01:42] INFO crawl_web.py[line:22] 开始处理 http://product.pconline.com.cn/mobile/1325s1.shtml 网页数据:
[2018-01-05 23:01:42] DEBUG connectionpool.py[line:208] Starting new HTTP connection (1): product.pconline.com.cn
[2018-01-05 23:01:42] DEBUG connectionpool.py[line:396] http://product.pconline.com.cn:80 "GET /mobile/1325s1.shtml HTTP/1.1" 200 None
[2018-01-05 23:01:42] INFO crawl_web.py[line:44]  检测到 25 个手机网址，写入文件成功
[2018-01-05 23:01:42] INFO crawl_web.py[line:22] 开始处理 http://product.pconline.com.cn/mobile/1350s1.shtml 网页数据:
[2018-01-05 23:01:42] DEBUG connectionpool.py[line:208] Starting new HTTP connection (1): product.pconline.com.cn
[2018-01-05 23:01:42] DEBUG connectionpool.py[line:396] http://product.pconline.com.cn:80 "GET /mobile/1350s1.shtml HTTP/1.1" 200 None
[2018-01-05 23:01:43] INFO crawl_web.py[line:44]  检测到 25 个手机网址，写入文件成功
[2018-01-05 23:01:43] INFO crawl_web.py[line:22] 开始处理 http://product.pconline.com.cn/mobile/1375s1.shtml 网页数据:
[2018-01-05 23:01:43] DEBUG connectionpool.py[line:208] Starting new HTTP connection (1): product.pconline.com.cn
[2018-01-05 23:01:43] DEBUG connectionpool.py[line:396] http://product.pconline.com.cn:80 "GET /mobile/1375s1.shtml HTTP/1.1" 200 None
[2018-01-05 23:01:43] INFO crawl_web.py[line:44]  检测到 25 个手机网址，写入文件成功
[2018-01-05 23:01:43] INFO crawl_web.py[line:22] 开始处理 http://product.pconline.com.cn/mobile/1400s1.shtml 网页数据:
[2018-01-05 23:01:43] DEBUG connectionpool.py[line:208] Starting new HTTP connection (1): product.pconline.com.cn
[2018-01-05 23:01:43] DEBUG connectionpool.py[line:396] http://product.pconline.com.cn:80 "GET /mobile/1400s1.shtml HTTP/1.1" 200 None
[2018-01-05 23:01:43] INFO crawl_web.py[line:44]  检测到 25 个手机网址，写入文件成功
[2018-01-05 23:01:43] INFO crawl_web.py[line:22] 开始处理 http://product.pconline.com.cn/mobile/1425s1.shtml 网页数据:
[2018-01-05 23:01:43] DEBUG connectionpool.py[line:208] Starting new HTTP connection (1): product.pconline.com.cn
[2018-01-05 23:01:43] DEBUG connectionpool.py[line:396] http://product.pconline.com.cn:80 "GET /mobile/1425s1.shtml HTTP/1.1" 200 None
[2018-01-05 23:01:43] INFO crawl_web.py[line:44]  检测到 25 个手机网址，写入文件成功
[2018-01-05 23:01:43] INFO crawl_web.py[line:22] 开始处理 http://product.pconline.com.cn/mobile/1450s1.shtml 网页数据:
[2018-01-05 23:01:43] DEBUG connectionpool.py[line:208] Starting new HTTP connection (1): product.pconline.com.cn
[2018-01-05 23:01:43] DEBUG connectionpool.py[line:396] http://product.pconline.com.cn:80 "GET /mobile/1450s1.shtml HTTP/1.1" 200 None
[2018-01-05 23:01:44] INFO crawl_web.py[line:44]  检测到 25 个手机网址，写入文件成功
[2018-01-05 23:01:44] INFO crawl_web.py[line:22] 开始处理 http://product.pconline.com.cn/mobile/1475s1.shtml 网页数据:
[2018-01-05 23:01:44] DEBUG connectionpool.py[line:208] Starting new HTTP connection (1): product.pconline.com.cn
[2018-01-05 23:01:44] DEBUG connectionpool.py[line:396] http://product.pconline.com.cn:80 "GET /mobile/1475s1.shtml HTTP/1.1" 200 None
[2018-01-05 23:01:44] INFO crawl_web.py[line:44]  检测到 25 个手机网址，写入文件成功
[2018-01-05 23:01:44] INFO crawl_web.py[line:22] 开始处理 http://product.pconline.com.cn/mobile/1500s1.shtml 网页数据:
[2018-01-05 23:01:44] DEBUG connectionpool.py[line:208] Starting new HTTP connection (1): product.pconline.com.cn
[2018-01-05 23:01:44] DEBUG connectionpool.py[line:396] http://product.pconline.com.cn:80 "GET /mobile/1500s1.shtml HTTP/1.1" 200 None
[2018-01-05 23:01:44] INFO crawl_web.py[line:44]  检测到 25 个手机网址，写入文件成功
[2018-01-05 23:01:44] INFO crawl_web.py[line:22] 开始处理 http://product.pconline.com.cn/mobile/1525s1.shtml 网页数据:
[2018-01-05 23:01:44] DEBUG connectionpool.py[line:208] Starting new HTTP connection (1): product.pconline.com.cn
[2018-01-05 23:01:45] DEBUG connectionpool.py[line:396] http://product.pconline.com.cn:80 "GET /mobile/1525s1.shtml HTTP/1.1" 200 None
[2018-01-05 23:01:45] INFO crawl_web.py[line:44]  检测到 25 个手机网址，写入文件成功
[2018-01-05 23:01:45] INFO crawl_web.py[line:22] 开始处理 http://product.pconline.com.cn/mobile/1550s1.shtml 网页数据:
[2018-01-05 23:01:45] DEBUG connectionpool.py[line:208] Starting new HTTP connection (1): product.pconline.com.cn
[2018-01-05 23:01:45] DEBUG connectionpool.py[line:396] http://product.pconline.com.cn:80 "GET /mobile/1550s1.shtml HTTP/1.1" 200 None
[2018-01-05 23:01:45] INFO crawl_web.py[line:44]  检测到 25 个手机网址，写入文件成功
[2018-01-05 23:01:45] INFO crawl_web.py[line:22] 开始处理 http://product.pconline.com.cn/mobile/1575s1.shtml 网页数据:
[2018-01-05 23:01:45] DEBUG connectionpool.py[line:208] Starting new HTTP connection (1): product.pconline.com.cn
[2018-01-05 23:01:45] DEBUG connectionpool.py[line:396] http://product.pconline.com.cn:80 "GET /mobile/1575s1.shtml HTTP/1.1" 200 None
[2018-01-05 23:01:45] INFO crawl_web.py[line:44]  检测到 25 个手机网址，写入文件成功
[2018-01-05 23:01:45] INFO crawl_web.py[line:22] 开始处理 http://product.pconline.com.cn/mobile/1600s1.shtml 网页数据:
[2018-01-05 23:01:45] DEBUG connectionpool.py[line:208] Starting new HTTP connection (1): product.pconline.com.cn
[2018-01-05 23:01:46] DEBUG connectionpool.py[line:396] http://product.pconline.com.cn:80 "GET /mobile/1600s1.shtml HTTP/1.1" 200 None
[2018-01-05 23:01:46] INFO crawl_web.py[line:44]  检测到 25 个手机网址，写入文件成功
[2018-01-05 23:01:46] INFO crawl_web.py[line:22] 开始处理 http://product.pconline.com.cn/mobile/1625s1.shtml 网页数据:
[2018-01-05 23:01:46] DEBUG connectionpool.py[line:208] Starting new HTTP connection (1): product.pconline.com.cn
[2018-01-05 23:01:49] DEBUG connectionpool.py[line:396] http://product.pconline.com.cn:80 "GET /mobile/1625s1.shtml HTTP/1.1" 200 None
[2018-01-05 23:01:50] INFO crawl_web.py[line:44]  检测到 25 个手机网址，写入文件成功
[2018-01-05 23:01:50] INFO crawl_web.py[line:22] 开始处理 http://product.pconline.com.cn/mobile/1650s1.shtml 网页数据:
[2018-01-05 23:01:50] DEBUG connectionpool.py[line:208] Starting new HTTP connection (1): product.pconline.com.cn
[2018-01-05 23:01:50] DEBUG connectionpool.py[line:396] http://product.pconline.com.cn:80 "GET /mobile/1650s1.shtml HTTP/1.1" 200 None
[2018-01-05 23:01:50] INFO crawl_web.py[line:44]  检测到 25 个手机网址，写入文件成功
[2018-01-05 23:01:50] INFO crawl_web.py[line:22] 开始处理 http://product.pconline.com.cn/mobile/1675s1.shtml 网页数据:
[2018-01-05 23:01:50] DEBUG connectionpool.py[line:208] Starting new HTTP connection (1): product.pconline.com.cn
[2018-01-05 23:01:50] DEBUG connectionpool.py[line:396] http://product.pconline.com.cn:80 "GET /mobile/1675s1.shtml HTTP/1.1" 200 None
[2018-01-05 23:01:50] INFO crawl_web.py[line:44]  检测到 25 个手机网址，写入文件成功
[2018-01-05 23:01:50] INFO crawl_web.py[line:22] 开始处理 http://product.pconline.com.cn/mobile/1700s1.shtml 网页数据:
[2018-01-05 23:01:50] DEBUG connectionpool.py[line:208] Starting new HTTP connection (1): product.pconline.com.cn
[2018-01-05 23:01:51] DEBUG connectionpool.py[line:396] http://product.pconline.com.cn:80 "GET /mobile/1700s1.shtml HTTP/1.1" 200 None
[2018-01-05 23:01:51] INFO crawl_web.py[line:44]  检测到 25 个手机网址，写入文件成功
[2018-01-05 23:01:51] INFO crawl_web.py[line:22] 开始处理 http://product.pconline.com.cn/mobile/1725s1.shtml 网页数据:
[2018-01-05 23:01:51] DEBUG connectionpool.py[line:208] Starting new HTTP connection (1): product.pconline.com.cn
[2018-01-05 23:01:51] DEBUG connectionpool.py[line:396] http://product.pconline.com.cn:80 "GET /mobile/1725s1.shtml HTTP/1.1" 200 None
[2018-01-05 23:01:51] INFO crawl_web.py[line:44]  检测到 25 个手机网址，写入文件成功
[2018-01-05 23:01:51] INFO crawl_web.py[line:22] 开始处理 http://product.pconline.com.cn/mobile/1750s1.shtml 网页数据:
[2018-01-05 23:01:51] DEBUG connectionpool.py[line:208] Starting new HTTP connection (1): product.pconline.com.cn
[2018-01-05 23:01:52] DEBUG connectionpool.py[line:396] http://product.pconline.com.cn:80 "GET /mobile/1750s1.shtml HTTP/1.1" 200 None
[2018-01-05 23:01:52] INFO crawl_web.py[line:44]  检测到 25 个手机网址，写入文件成功
[2018-01-05 23:01:52] INFO crawl_web.py[line:22] 开始处理 http://product.pconline.com.cn/mobile/1775s1.shtml 网页数据:
[2018-01-05 23:01:52] DEBUG connectionpool.py[line:208] Starting new HTTP connection (1): product.pconline.com.cn
[2018-01-05 23:01:54] DEBUG connectionpool.py[line:396] http://product.pconline.com.cn:80 "GET /mobile/1775s1.shtml HTTP/1.1" 200 None
[2018-01-05 23:01:55] INFO crawl_web.py[line:44]  检测到 25 个手机网址，写入文件成功
[2018-01-05 23:01:55] INFO crawl_web.py[line:22] 开始处理 http://product.pconline.com.cn/mobile/1800s1.shtml 网页数据:
[2018-01-05 23:01:55] DEBUG connectionpool.py[line:208] Starting new HTTP connection (1): product.pconline.com.cn
[2018-01-05 23:01:55] DEBUG connectionpool.py[line:396] http://product.pconline.com.cn:80 "GET /mobile/1800s1.shtml HTTP/1.1" 200 None
[2018-01-05 23:01:55] INFO crawl_web.py[line:44]  检测到 25 个手机网址，写入文件成功
[2018-01-05 23:01:55] INFO crawl_web.py[line:22] 开始处理 http://product.pconline.com.cn/mobile/1825s1.shtml 网页数据:
[2018-01-05 23:01:55] DEBUG connectionpool.py[line:208] Starting new HTTP connection (1): product.pconline.com.cn
[2018-01-05 23:01:56] DEBUG connectionpool.py[line:396] http://product.pconline.com.cn:80 "GET /mobile/1825s1.shtml HTTP/1.1" 200 None
[2018-01-05 23:01:56] INFO crawl_web.py[line:44]  检测到 25 个手机网址，写入文件成功
[2018-01-05 23:01:56] INFO crawl_web.py[line:22] 开始处理 http://product.pconline.com.cn/mobile/1850s1.shtml 网页数据:
[2018-01-05 23:01:56] DEBUG connectionpool.py[line:208] Starting new HTTP connection (1): product.pconline.com.cn
[2018-01-05 23:01:56] DEBUG connectionpool.py[line:396] http://product.pconline.com.cn:80 "GET /mobile/1850s1.shtml HTTP/1.1" 200 None
[2018-01-05 23:01:56] INFO crawl_web.py[line:44]  检测到 25 个手机网址，写入文件成功
[2018-01-05 23:01:56] INFO crawl_web.py[line:22] 开始处理 http://product.pconline.com.cn/mobile/1875s1.shtml 网页数据:
[2018-01-05 23:01:56] DEBUG connectionpool.py[line:208] Starting new HTTP connection (1): product.pconline.com.cn
[2018-01-05 23:01:57] DEBUG connectionpool.py[line:396] http://product.pconline.com.cn:80 "GET /mobile/1875s1.shtml HTTP/1.1" 200 None
[2018-01-05 23:01:57] INFO crawl_web.py[line:44]  检测到 25 个手机网址，写入文件成功
[2018-01-05 23:01:57] INFO crawl_web.py[line:22] 开始处理 http://product.pconline.com.cn/mobile/1900s1.shtml 网页数据:
[2018-01-05 23:01:57] DEBUG connectionpool.py[line:208] Starting new HTTP connection (1): product.pconline.com.cn
[2018-01-05 23:01:57] DEBUG connectionpool.py[line:396] http://product.pconline.com.cn:80 "GET /mobile/1900s1.shtml HTTP/1.1" 200 None
[2018-01-05 23:01:57] INFO crawl_web.py[line:44]  检测到 25 个手机网址，写入文件成功
[2018-01-05 23:01:57] INFO crawl_web.py[line:22] 开始处理 http://product.pconline.com.cn/mobile/1925s1.shtml 网页数据:
[2018-01-05 23:01:57] DEBUG connectionpool.py[line:208] Starting new HTTP connection (1): product.pconline.com.cn
[2018-01-05 23:01:57] DEBUG connectionpool.py[line:396] http://product.pconline.com.cn:80 "GET /mobile/1925s1.shtml HTTP/1.1" 200 None
[2018-01-05 23:01:58] INFO crawl_web.py[line:44]  检测到 25 个手机网址，写入文件成功
[2018-01-05 23:01:58] INFO crawl_web.py[line:22] 开始处理 http://product.pconline.com.cn/mobile/1950s1.shtml 网页数据:
[2018-01-05 23:01:58] DEBUG connectionpool.py[line:208] Starting new HTTP connection (1): product.pconline.com.cn
[2018-01-05 23:01:58] DEBUG connectionpool.py[line:396] http://product.pconline.com.cn:80 "GET /mobile/1950s1.shtml HTTP/1.1" 200 None
[2018-01-05 23:01:58] INFO crawl_web.py[line:44]  检测到 25 个手机网址，写入文件成功
[2018-01-05 23:01:58] INFO crawl_web.py[line:22] 开始处理 http://product.pconline.com.cn/mobile/1975s1.shtml 网页数据:
[2018-01-05 23:01:58] DEBUG connectionpool.py[line:208] Starting new HTTP connection (1): product.pconline.com.cn
[2018-01-05 23:01:58] DEBUG connectionpool.py[line:396] http://product.pconline.com.cn:80 "GET /mobile/1975s1.shtml HTTP/1.1" 200 None
[2018-01-05 23:01:58] INFO crawl_web.py[line:44]  检测到 25 个手机网址，写入文件成功
[2018-01-05 23:01:58] INFO crawl_web.py[line:22] 开始处理 http://product.pconline.com.cn/mobile/2000s1.shtml 网页数据:
[2018-01-05 23:01:58] DEBUG connectionpool.py[line:208] Starting new HTTP connection (1): product.pconline.com.cn
[2018-01-05 23:01:58] DEBUG connectionpool.py[line:396] http://product.pconline.com.cn:80 "GET /mobile/2000s1.shtml HTTP/1.1" 200 None
[2018-01-05 23:01:59] INFO crawl_web.py[line:44]  检测到 25 个手机网址，写入文件成功
[2018-01-05 23:01:59] INFO crawl_web.py[line:22] 开始处理 http://product.pconline.com.cn/mobile/2025s1.shtml 网页数据:
[2018-01-05 23:01:59] DEBUG connectionpool.py[line:208] Starting new HTTP connection (1): product.pconline.com.cn
[2018-01-05 23:01:59] DEBUG connectionpool.py[line:396] http://product.pconline.com.cn:80 "GET /mobile/2025s1.shtml HTTP/1.1" 200 None
[2018-01-05 23:01:59] INFO crawl_web.py[line:44]  检测到 25 个手机网址，写入文件成功
[2018-01-05 23:01:59] INFO crawl_web.py[line:22] 开始处理 http://product.pconline.com.cn/mobile/2050s1.shtml 网页数据:
[2018-01-05 23:01:59] DEBUG connectionpool.py[line:208] Starting new HTTP connection (1): product.pconline.com.cn
[2018-01-05 23:01:59] DEBUG connectionpool.py[line:396] http://product.pconline.com.cn:80 "GET /mobile/2050s1.shtml HTTP/1.1" 200 None
[2018-01-05 23:02:00] INFO crawl_web.py[line:44]  检测到 25 个手机网址，写入文件成功
[2018-01-05 23:02:00] INFO crawl_web.py[line:22] 开始处理 http://product.pconline.com.cn/mobile/2075s1.shtml 网页数据:
[2018-01-05 23:02:00] DEBUG connectionpool.py[line:208] Starting new HTTP connection (1): product.pconline.com.cn
[2018-01-05 23:02:00] DEBUG connectionpool.py[line:396] http://product.pconline.com.cn:80 "GET /mobile/2075s1.shtml HTTP/1.1" 200 None
[2018-01-05 23:02:00] INFO crawl_web.py[line:44]  检测到 25 个手机网址，写入文件成功
[2018-01-05 23:02:00] INFO crawl_web.py[line:22] 开始处理 http://product.pconline.com.cn/mobile/2100s1.shtml 网页数据:
[2018-01-05 23:02:00] DEBUG connectionpool.py[line:208] Starting new HTTP connection (1): product.pconline.com.cn
[2018-01-05 23:02:00] DEBUG connectionpool.py[line:396] http://product.pconline.com.cn:80 "GET /mobile/2100s1.shtml HTTP/1.1" 200 None
[2018-01-05 23:02:00] INFO crawl_web.py[line:44]  检测到 25 个手机网址，写入文件成功
[2018-01-05 23:02:00] INFO crawl_web.py[line:22] 开始处理 http://product.pconline.com.cn/mobile/2125s1.shtml 网页数据:
[2018-01-05 23:02:00] DEBUG connectionpool.py[line:208] Starting new HTTP connection (1): product.pconline.com.cn
[2018-01-05 23:02:00] DEBUG connectionpool.py[line:396] http://product.pconline.com.cn:80 "GET /mobile/2125s1.shtml HTTP/1.1" 200 None
[2018-01-05 23:02:00] INFO crawl_web.py[line:44]  检测到 25 个手机网址，写入文件成功
[2018-01-05 23:02:00] INFO crawl_web.py[line:22] 开始处理 http://product.pconline.com.cn/mobile/2150s1.shtml 网页数据:
[2018-01-05 23:02:00] DEBUG connectionpool.py[line:208] Starting new HTTP connection (1): product.pconline.com.cn
[2018-01-05 23:02:01] DEBUG connectionpool.py[line:396] http://product.pconline.com.cn:80 "GET /mobile/2150s1.shtml HTTP/1.1" 200 None
[2018-01-05 23:02:01] INFO crawl_web.py[line:44]  检测到 25 个手机网址，写入文件成功
[2018-01-05 23:02:01] INFO crawl_web.py[line:22] 开始处理 http://product.pconline.com.cn/mobile/2175s1.shtml 网页数据:
[2018-01-05 23:02:01] DEBUG connectionpool.py[line:208] Starting new HTTP connection (1): product.pconline.com.cn
[2018-01-05 23:02:01] DEBUG connectionpool.py[line:396] http://product.pconline.com.cn:80 "GET /mobile/2175s1.shtml HTTP/1.1" 200 None
[2018-01-05 23:02:01] INFO crawl_web.py[line:44]  检测到 25 个手机网址，写入文件成功
[2018-01-05 23:02:01] INFO crawl_web.py[line:22] 开始处理 http://product.pconline.com.cn/mobile/2200s1.shtml 网页数据:
[2018-01-05 23:02:01] DEBUG connectionpool.py[line:208] Starting new HTTP connection (1): product.pconline.com.cn
[2018-01-05 23:02:01] DEBUG connectionpool.py[line:396] http://product.pconline.com.cn:80 "GET /mobile/2200s1.shtml HTTP/1.1" 200 None
[2018-01-05 23:02:02] INFO crawl_web.py[line:44]  检测到 25 个手机网址，写入文件成功
[2018-01-05 23:02:02] INFO crawl_web.py[line:22] 开始处理 http://product.pconline.com.cn/mobile/2225s1.shtml 网页数据:
[2018-01-05 23:02:02] DEBUG connectionpool.py[line:208] Starting new HTTP connection (1): product.pconline.com.cn
[2018-01-05 23:02:02] DEBUG connectionpool.py[line:396] http://product.pconline.com.cn:80 "GET /mobile/2225s1.shtml HTTP/1.1" 200 None
[2018-01-05 23:02:02] INFO crawl_web.py[line:44]  检测到 25 个手机网址，写入文件成功
[2018-01-05 23:02:02] INFO crawl_web.py[line:22] 开始处理 http://product.pconline.com.cn/mobile/2250s1.shtml 网页数据:
[2018-01-05 23:02:02] DEBUG connectionpool.py[line:208] Starting new HTTP connection (1): product.pconline.com.cn
[2018-01-05 23:02:02] DEBUG connectionpool.py[line:396] http://product.pconline.com.cn:80 "GET /mobile/2250s1.shtml HTTP/1.1" 200 None
[2018-01-05 23:02:02] INFO crawl_web.py[line:44]  检测到 25 个手机网址，写入文件成功
[2018-01-05 23:02:02] INFO crawl_web.py[line:22] 开始处理 http://product.pconline.com.cn/mobile/2275s1.shtml 网页数据:
[2018-01-05 23:02:02] DEBUG connectionpool.py[line:208] Starting new HTTP connection (1): product.pconline.com.cn
[2018-01-05 23:02:05] DEBUG connectionpool.py[line:396] http://product.pconline.com.cn:80 "GET /mobile/2275s1.shtml HTTP/1.1" 200 None
[2018-01-05 23:02:06] INFO crawl_web.py[line:44]  检测到 25 个手机网址，写入文件成功
[2018-01-05 23:02:06] INFO crawl_web.py[line:22] 开始处理 http://product.pconline.com.cn/mobile/2300s1.shtml 网页数据:
[2018-01-05 23:02:06] DEBUG connectionpool.py[line:208] Starting new HTTP connection (1): product.pconline.com.cn
[2018-01-05 23:02:06] DEBUG connectionpool.py[line:396] http://product.pconline.com.cn:80 "GET /mobile/2300s1.shtml HTTP/1.1" 200 None
[2018-01-05 23:02:06] INFO crawl_web.py[line:44]  检测到 25 个手机网址，写入文件成功
[2018-01-05 23:02:06] INFO crawl_web.py[line:22] 开始处理 http://product.pconline.com.cn/mobile/2325s1.shtml 网页数据:
[2018-01-05 23:02:06] DEBUG connectionpool.py[line:208] Starting new HTTP connection (1): product.pconline.com.cn
[2018-01-05 23:02:06] DEBUG connectionpool.py[line:396] http://product.pconline.com.cn:80 "GET /mobile/2325s1.shtml HTTP/1.1" 200 None
[2018-01-05 23:02:06] INFO crawl_web.py[line:44]  检测到 25 个手机网址，写入文件成功
[2018-01-05 23:02:06] INFO crawl_web.py[line:22] 开始处理 http://product.pconline.com.cn/mobile/2350s1.shtml 网页数据:
[2018-01-05 23:02:06] DEBUG connectionpool.py[line:208] Starting new HTTP connection (1): product.pconline.com.cn
[2018-01-05 23:02:07] DEBUG connectionpool.py[line:396] http://product.pconline.com.cn:80 "GET /mobile/2350s1.shtml HTTP/1.1" 200 None
[2018-01-05 23:02:07] INFO crawl_web.py[line:44]  检测到 25 个手机网址，写入文件成功
[2018-01-05 23:02:07] INFO crawl_web.py[line:22] 开始处理 http://product.pconline.com.cn/mobile/2375s1.shtml 网页数据:
[2018-01-05 23:02:07] DEBUG connectionpool.py[line:208] Starting new HTTP connection (1): product.pconline.com.cn
[2018-01-05 23:02:07] DEBUG connectionpool.py[line:396] http://product.pconline.com.cn:80 "GET /mobile/2375s1.shtml HTTP/1.1" 200 None
[2018-01-05 23:02:07] INFO crawl_web.py[line:44]  检测到 25 个手机网址，写入文件成功
[2018-01-05 23:02:07] INFO crawl_web.py[line:22] 开始处理 http://product.pconline.com.cn/mobile/2400s1.shtml 网页数据:
[2018-01-05 23:02:07] DEBUG connectionpool.py[line:208] Starting new HTTP connection (1): product.pconline.com.cn
[2018-01-05 23:02:07] DEBUG connectionpool.py[line:396] http://product.pconline.com.cn:80 "GET /mobile/2400s1.shtml HTTP/1.1" 200 None
[2018-01-05 23:02:07] INFO crawl_web.py[line:44]  检测到 25 个手机网址，写入文件成功
[2018-01-05 23:02:08] INFO crawl_web.py[line:22] 开始处理 http://product.pconline.com.cn/mobile/2425s1.shtml 网页数据:
[2018-01-05 23:02:08] DEBUG connectionpool.py[line:208] Starting new HTTP connection (1): product.pconline.com.cn
[2018-01-05 23:02:08] DEBUG connectionpool.py[line:396] http://product.pconline.com.cn:80 "GET /mobile/2425s1.shtml HTTP/1.1" 200 None
[2018-01-05 23:02:08] INFO crawl_web.py[line:44]  检测到 25 个手机网址，写入文件成功
[2018-01-05 23:02:08] INFO crawl_web.py[line:22] 开始处理 http://product.pconline.com.cn/mobile/2450s1.shtml 网页数据:
[2018-01-05 23:02:08] DEBUG connectionpool.py[line:208] Starting new HTTP connection (1): product.pconline.com.cn
[2018-01-05 23:02:08] DEBUG connectionpool.py[line:396] http://product.pconline.com.cn:80 "GET /mobile/2450s1.shtml HTTP/1.1" 200 None
[2018-01-05 23:02:09] INFO crawl_web.py[line:44]  检测到 25 个手机网址，写入文件成功
[2018-01-05 23:02:09] INFO crawl_web.py[line:22] 开始处理 http://product.pconline.com.cn/mobile/2475s1.shtml 网页数据:
[2018-01-05 23:02:09] DEBUG connectionpool.py[line:208] Starting new HTTP connection (1): product.pconline.com.cn
[2018-01-05 23:02:09] DEBUG connectionpool.py[line:396] http://product.pconline.com.cn:80 "GET /mobile/2475s1.shtml HTTP/1.1" 200 None
[2018-01-05 23:02:09] INFO crawl_web.py[line:44]  检测到 25 个手机网址，写入文件成功
[2018-01-05 23:02:09] INFO crawl_web.py[line:22] 开始处理 http://product.pconline.com.cn/mobile/2500s1.shtml 网页数据:
[2018-01-05 23:02:09] DEBUG connectionpool.py[line:208] Starting new HTTP connection (1): product.pconline.com.cn
[2018-01-05 23:02:09] DEBUG connectionpool.py[line:396] http://product.pconline.com.cn:80 "GET /mobile/2500s1.shtml HTTP/1.1" 200 None
[2018-01-05 23:02:09] INFO crawl_web.py[line:44]  检测到 25 个手机网址，写入文件成功
[2018-01-05 23:02:09] INFO crawl_web.py[line:22] 开始处理 http://product.pconline.com.cn/mobile/2525s1.shtml 网页数据:
[2018-01-05 23:02:09] DEBUG connectionpool.py[line:208] Starting new HTTP connection (1): product.pconline.com.cn
[2018-01-05 23:02:10] DEBUG connectionpool.py[line:396] http://product.pconline.com.cn:80 "GET /mobile/2525s1.shtml HTTP/1.1" 200 None
[2018-01-05 23:02:10] INFO crawl_web.py[line:44]  检测到 25 个手机网址，写入文件成功
[2018-01-05 23:02:10] INFO crawl_web.py[line:22] 开始处理 http://product.pconline.com.cn/mobile/2550s1.shtml 网页数据:
[2018-01-05 23:02:10] DEBUG connectionpool.py[line:208] Starting new HTTP connection (1): product.pconline.com.cn
[2018-01-05 23:02:10] DEBUG connectionpool.py[line:396] http://product.pconline.com.cn:80 "GET /mobile/2550s1.shtml HTTP/1.1" 200 None
[2018-01-05 23:02:10] INFO crawl_web.py[line:44]  检测到 25 个手机网址，写入文件成功
[2018-01-05 23:02:10] INFO crawl_web.py[line:22] 开始处理 http://product.pconline.com.cn/mobile/2575s1.shtml 网页数据:
[2018-01-05 23:02:10] DEBUG connectionpool.py[line:208] Starting new HTTP connection (1): product.pconline.com.cn
[2018-01-05 23:02:10] DEBUG connectionpool.py[line:396] http://product.pconline.com.cn:80 "GET /mobile/2575s1.shtml HTTP/1.1" 200 None
[2018-01-05 23:02:11] INFO crawl_web.py[line:44]  检测到 25 个手机网址，写入文件成功
[2018-01-05 23:02:11] INFO crawl_web.py[line:22] 开始处理 http://product.pconline.com.cn/mobile/2600s1.shtml 网页数据:
[2018-01-05 23:02:11] DEBUG connectionpool.py[line:208] Starting new HTTP connection (1): product.pconline.com.cn
[2018-01-05 23:02:11] DEBUG connectionpool.py[line:396] http://product.pconline.com.cn:80 "GET /mobile/2600s1.shtml HTTP/1.1" 200 None
[2018-01-05 23:02:11] INFO crawl_web.py[line:44]  检测到 25 个手机网址，写入文件成功
[2018-01-05 23:02:11] INFO crawl_web.py[line:22] 开始处理 http://product.pconline.com.cn/mobile/2625s1.shtml 网页数据:
[2018-01-05 23:02:11] DEBUG connectionpool.py[line:208] Starting new HTTP connection (1): product.pconline.com.cn
[2018-01-05 23:02:15] DEBUG connectionpool.py[line:396] http://product.pconline.com.cn:80 "GET /mobile/2625s1.shtml HTTP/1.1" 200 None
[2018-01-05 23:02:16] INFO crawl_web.py[line:44]  检测到 25 个手机网址，写入文件成功
[2018-01-05 23:02:16] INFO crawl_web.py[line:22] 开始处理 http://product.pconline.com.cn/mobile/2650s1.shtml 网页数据:
[2018-01-05 23:02:16] DEBUG connectionpool.py[line:208] Starting new HTTP connection (1): product.pconline.com.cn
[2018-01-05 23:02:16] DEBUG connectionpool.py[line:396] http://product.pconline.com.cn:80 "GET /mobile/2650s1.shtml HTTP/1.1" 200 None
[2018-01-05 23:02:16] INFO crawl_web.py[line:44]  检测到 25 个手机网址，写入文件成功
[2018-01-05 23:02:16] INFO crawl_web.py[line:22] 开始处理 http://product.pconline.com.cn/mobile/2675s1.shtml 网页数据:
[2018-01-05 23:02:16] DEBUG connectionpool.py[line:208] Starting new HTTP connection (1): product.pconline.com.cn
[2018-01-05 23:02:16] DEBUG connectionpool.py[line:396] http://product.pconline.com.cn:80 "GET /mobile/2675s1.shtml HTTP/1.1" 200 None
[2018-01-05 23:02:16] INFO crawl_web.py[line:44]  检测到 25 个手机网址，写入文件成功
[2018-01-05 23:02:16] INFO crawl_web.py[line:22] 开始处理 http://product.pconline.com.cn/mobile/2700s1.shtml 网页数据:
[2018-01-05 23:02:16] DEBUG connectionpool.py[line:208] Starting new HTTP connection (1): product.pconline.com.cn
[2018-01-05 23:02:16] DEBUG connectionpool.py[line:396] http://product.pconline.com.cn:80 "GET /mobile/2700s1.shtml HTTP/1.1" 200 None
[2018-01-05 23:02:17] INFO crawl_web.py[line:44]  检测到 25 个手机网址，写入文件成功
[2018-01-05 23:02:17] INFO crawl_web.py[line:22] 开始处理 http://product.pconline.com.cn/mobile/2725s1.shtml 网页数据:
[2018-01-05 23:02:17] DEBUG connectionpool.py[line:208] Starting new HTTP connection (1): product.pconline.com.cn
[2018-01-05 23:02:17] DEBUG connectionpool.py[line:396] http://product.pconline.com.cn:80 "GET /mobile/2725s1.shtml HTTP/1.1" 200 None
[2018-01-05 23:02:17] INFO crawl_web.py[line:44]  检测到 25 个手机网址，写入文件成功
[2018-01-05 23:02:17] INFO crawl_web.py[line:22] 开始处理 http://product.pconline.com.cn/mobile/2750s1.shtml 网页数据:
[2018-01-05 23:02:17] DEBUG connectionpool.py[line:208] Starting new HTTP connection (1): product.pconline.com.cn
[2018-01-05 23:02:19] DEBUG connectionpool.py[line:396] http://product.pconline.com.cn:80 "GET /mobile/2750s1.shtml HTTP/1.1" 200 None
[2018-01-05 23:02:20] INFO crawl_web.py[line:44]  检测到 25 个手机网址，写入文件成功
[2018-01-05 23:02:20] INFO crawl_web.py[line:22] 开始处理 http://product.pconline.com.cn/mobile/2775s1.shtml 网页数据:
[2018-01-05 23:02:20] DEBUG connectionpool.py[line:208] Starting new HTTP connection (1): product.pconline.com.cn
[2018-01-05 23:02:20] DEBUG connectionpool.py[line:396] http://product.pconline.com.cn:80 "GET /mobile/2775s1.shtml HTTP/1.1" 200 None
[2018-01-05 23:02:20] INFO crawl_web.py[line:44]  检测到 25 个手机网址，写入文件成功
[2018-01-05 23:02:20] INFO crawl_web.py[line:22] 开始处理 http://product.pconline.com.cn/mobile/2800s1.shtml 网页数据:
[2018-01-05 23:02:20] DEBUG connectionpool.py[line:208] Starting new HTTP connection (1): product.pconline.com.cn
[2018-01-05 23:02:20] DEBUG connectionpool.py[line:396] http://product.pconline.com.cn:80 "GET /mobile/2800s1.shtml HTTP/1.1" 200 None
[2018-01-05 23:02:21] INFO crawl_web.py[line:44]  检测到 25 个手机网址，写入文件成功
[2018-01-05 23:02:21] INFO crawl_web.py[line:22] 开始处理 http://product.pconline.com.cn/mobile/2825s1.shtml 网页数据:
[2018-01-05 23:02:21] DEBUG connectionpool.py[line:208] Starting new HTTP connection (1): product.pconline.com.cn
[2018-01-05 23:02:21] DEBUG connectionpool.py[line:396] http://product.pconline.com.cn:80 "GET /mobile/2825s1.shtml HTTP/1.1" 200 None
[2018-01-05 23:02:21] INFO crawl_web.py[line:44]  检测到 25 个手机网址，写入文件成功
[2018-01-05 23:02:21] INFO crawl_web.py[line:22] 开始处理 http://product.pconline.com.cn/mobile/2850s1.shtml 网页数据:
[2018-01-05 23:02:21] DEBUG connectionpool.py[line:208] Starting new HTTP connection (1): product.pconline.com.cn
[2018-01-05 23:02:21] DEBUG connectionpool.py[line:396] http://product.pconline.com.cn:80 "GET /mobile/2850s1.shtml HTTP/1.1" 200 None
[2018-01-05 23:02:21] INFO crawl_web.py[line:44]  检测到 25 个手机网址，写入文件成功
[2018-01-05 23:02:21] INFO crawl_web.py[line:22] 开始处理 http://product.pconline.com.cn/mobile/2875s1.shtml 网页数据:
[2018-01-05 23:02:21] DEBUG connectionpool.py[line:208] Starting new HTTP connection (1): product.pconline.com.cn
[2018-01-05 23:02:21] DEBUG connectionpool.py[line:396] http://product.pconline.com.cn:80 "GET /mobile/2875s1.shtml HTTP/1.1" 200 None
[2018-01-05 23:02:22] INFO crawl_web.py[line:44]  检测到 25 个手机网址，写入文件成功
[2018-01-05 23:02:22] INFO crawl_web.py[line:22] 开始处理 http://product.pconline.com.cn/mobile/2900s1.shtml 网页数据:
[2018-01-05 23:02:22] DEBUG connectionpool.py[line:208] Starting new HTTP connection (1): product.pconline.com.cn
[2018-01-05 23:02:22] DEBUG connectionpool.py[line:396] http://product.pconline.com.cn:80 "GET /mobile/2900s1.shtml HTTP/1.1" 200 None
[2018-01-05 23:02:22] INFO crawl_web.py[line:44]  检测到 25 个手机网址，写入文件成功
[2018-01-05 23:02:22] INFO crawl_web.py[line:22] 开始处理 http://product.pconline.com.cn/mobile/2925s1.shtml 网页数据:
[2018-01-05 23:02:22] DEBUG connectionpool.py[line:208] Starting new HTTP connection (1): product.pconline.com.cn
[2018-01-05 23:02:22] DEBUG connectionpool.py[line:396] http://product.pconline.com.cn:80 "GET /mobile/2925s1.shtml HTTP/1.1" 200 None
[2018-01-05 23:02:22] INFO crawl_web.py[line:44]  检测到 23 个手机网址，写入文件成功
[2018-01-05 23:02:22] INFO crawl_web.py[line:95] 总共爬取 2948 个手机信息
